<?xml version="1.0" encoding="UTF-8" ?>
<testsuite tests="11" failures="0" name="fr.ngando.person.util.UtilsTest" time="0.033" errors="0" skipped="0">
  <properties>
    <property name="java.runtime.name" value="Java(TM) SE Runtime Environment"/>
    <property name="java.vm.version" value="10.0.2+13"/>
    <property name="sun.boot.library.path" value="C:\Users\59013-64-05\env\java\jdk-10.0.2\bin"/>
    <property name="maven.multiModuleProjectDirectory" value="C:\Users\59013-64-05\Documents\jee\webapp-maven"/>
    <property name="java.vm.vendor" value="&quot;Oracle Corporation&quot;"/>
    <property name="java.vendor.url" value="http://java.oracle.com/"/>
    <property name="guice.disable.misplaced.annotation.check" value="true"/>
    <property name="path.separator" value=";"/>
    <property name="java.vm.name" value="Java HotSpot(TM) 64-Bit Server VM"/>
    <property name="file.encoding.pkg" value="sun.io"/>
    <property name="sun.os.patch.level" value=""/>
    <property name="user.script" value=""/>
    <property name="sun.java.launcher" value="SUN_STANDARD"/>
    <property name="user.country" value="FR"/>
    <property name="java.vm.specification.name" value="Java Virtual Machine Specification"/>
    <property name="user.dir" value="C:\Users\59013-64-05\Documents\jee\webapp-maven"/>
    <property name="java.vm.compressedOopsMode" value="32-bit"/>
    <property name="java.runtime.version" value="10.0.2+13"/>
    <property name="java.awt.graphicsenv" value="sun.awt.Win32GraphicsEnvironment"/>
    <property name="os.arch" value="amd64"/>
    <property name="java.io.tmpdir" value="C:\Users\59013-~1\AppData\Local\Temp\"/>
    <property name="line.separator" value="
"/>
    <property name="java.vm.specification.vendor" value="Oracle Corporation"/>
    <property name="user.variant" value=""/>
    <property name="os.name" value="Windows 10"/>
    <property name="net.sourceforge.cobertura.datafile" value="C:\Users\59013-64-05\Documents\jee\webapp-maven\target\cobertura\cobertura.ser"/>
    <property name="classworlds.conf" value="C:\Users\59013-64-05\Documents\jee\.metadata\.plugins\org.eclipse.m2e.launching\launches\m2conf6354398953869389299.tmp"/>
    <property name="sun.jnu.encoding" value="Cp1252"/>
    <property name="java.library.path" value="C:\Users\59013-64-05\env\java\jdk-10.0.2\bin;C:\Windows\Sun\Java\bin;C:\Windows\system32;C:\Windows;C:/Program Files/Java/jre1.8.0_181/bin/server;C:/Program Files/Java/jre1.8.0_181/bin;C:/Program Files/Java/jre1.8.0_181/lib/amd64;C:\Program Files (x86)\Common Files\Oracle\Java\javapath;C:\Windows\system32;C:\Windows;C:\Windows\System32\Wbem;C:\Windows\System32\WindowsPowerShell\v1.0\;C:\Windows\system32\config\systemprofile\.dnx\bin;C:\Program Files\Microsoft DNX\Dnvm\;C:\Program Files (x86)\Windows Kits\8.1\Windows Performance Toolkit\;C:\Program Files\Microsoft SQL Server\120\Tools\Binn\;C:\Program Files\Microsoft SQL Server\130\Tools\Binn\;C:\Program Files\Git\cmd;C:\Users\59013-64-05\env\maven\apache-maven-3.5.4\bin;C:\Users\59013-64-05\env\nodejs\;C:\Users\59013-64-05\env\java\jdk-10.0.2\bin;C:\Users\59013-64-05\env\maven\apache-maven-3.5.4\bin;C:\Users\59013-64-05\AppData\Roaming\npm;C:\Users\59013-64-05\AppData\Local\atom\bin;C:\Users\59013-64-05\Desktop;;."/>
    <property name="jdk.debug" value="release"/>
    <property name="java.class.version" value="54.0"/>
    <property name="java.specification.name" value="Java Platform API Specification"/>
    <property name="sun.management.compiler" value="HotSpot 64-Bit Tiered Compilers"/>
    <property name="os.version" value="10.0"/>
    <property name="user.home" value="C:\Users\59013-64-05"/>
    <property name="user.timezone" value="Europe/Paris"/>
    <property name="java.awt.printerjob" value="sun.awt.windows.WPrinterJob"/>
    <property name="file.encoding" value="UTF-8"/>
    <property name="java.specification.version" value="10"/>
    <property name="user.name" value="59013-64-05"/>
    <property name="java.class.path" value="C:\Users\59013-64-05\.p2\pool\plugins\org.eclipse.m2e.maven.runtime_1.9.0.20180606-2035\jars\plexus-classworlds-2.5.2.jar"/>
    <property name="org.slf4j.simpleLogger.defaultLogLevel" value="debug"/>
    <property name="java.vm.specification.version" value="10"/>
    <property name="sun.arch.data.model" value="64"/>
    <property name="sun.java.command" value="org.codehaus.plexus.classworlds.launcher.Launcher -B -X -e cobertura:cobertura"/>
    <property name="java.home" value="C:\Users\59013-64-05\env\java\jdk-10.0.2"/>
    <property name="user.language" value="fr"/>
    <property name="java.specification.vendor" value="Oracle Corporation"/>
    <property name="awt.toolkit" value="sun.awt.windows.WToolkit"/>
    <property name="java.vm.info" value="mixed mode"/>
    <property name="java.version" value="10.0.2"/>
    <property name="java.vendor" value="Oracle Corporation"/>
    <property name="maven.home" value="C:\Users\59013-64-05\Documents\jee\webapp-maven\EMBEDDED"/>
    <property name="file.separator" value="\"/>
    <property name="java.version.date" value="2018-07-17"/>
    <property name="java.vendor.url.bug" value="http://bugreport.java.com/bugreport/"/>
    <property name="sun.io.unicode.encoding" value="UnicodeLittle"/>
    <property name="sun.cpu.endian" value="little"/>
    <property name="project.build.outputDirectory" value="C:\Users\59013-64-05\Documents\jee\webapp-maven\target\generated-classes\cobertura"/>
    <property name="java.vendor.version" value="18.3"/>
    <property name="sun.desktop" value="windows"/>
    <property name="sun.cpu.isalist" value="amd64"/>
  </properties>
  <testcase classname="fr.ngando.person.util.UtilsTest" name="verif_Mail_Ko_Si_Pas_Aero" time="0.029"/>
  <testcase classname="fr.ngando.person.util.UtilsTest" name="verif_Telephone_KO_SI_COMMENCE_PAR_PLUS33_Et_PLUS_DE_9Chiffres" time="0"/>
  <testcase classname="fr.ngando.person.util.UtilsTest" name="verif_Mail_Ko_Si_Pas_Finir_Par_PointQuelqueChose" time="0.001"/>
  <testcase classname="fr.ngando.person.util.UtilsTest" name="verif_Mail_OK_Si_Possede_Aero_Et_Finis_Par_PointQuelqueChose" time="0"/>
  <testcase classname="fr.ngando.person.util.UtilsTest" name="verif_Telephone_KO_SI_CONTIENT_UNE_LETTRE" time="0.001"/>
  <testcase classname="fr.ngando.person.util.UtilsTest" name="verif_Telephone_KO_SI_COMMENCE_PAS_PAR_PLUS33_OU_0" time="0"/>
  <testcase classname="fr.ngando.person.util.UtilsTest" name="verif_Telephone_KO_SI_COMMENCE_PAR_0_Et_PLUS_DE_10Chiffres" time="0.001"/>
  <testcase classname="fr.ngando.person.util.UtilsTest" name="verif_Telephone_KO_SI_COMMENCE_PAR_PLUS33_Et_Moins_DE_9Chiffres" time="0"/>
  <testcase classname="fr.ngando.person.util.UtilsTest" name="verif_Telephone_OK_SI_COMMENCE_PAR_PLUS33_9Chiffres" time="0.001"/>
  <testcase classname="fr.ngando.person.util.UtilsTest" name="verif_Telephone_KO_SI_COMMENCE_PAR_0_Et_Moins_DE_10Chiffres" time="0"/>
  <testcase classname="fr.ngando.person.util.UtilsTest" name="verif_Telephone_OK_SI_COMMENCE_0_Et_10Chiffres" time="0"/>
</testsuite>